# JRE version: Java(TM) SE Runtime Environment (16.0.2+7) (build 16.0.2+7-67)
# Java VM: Java HotSpot(TM) 64-Bit Server VM (16.0.2+7-67, mixed mode, sharing, tiered, compressed oops, compressed class ptrs, g1 gc, windows-amd64)
GC Precious Log:
 CPUs: 6 total, 6 available
 Memory: 8174M
 Large Page Support: Disabled
 NUMA Support: Disabled
 Compressed Oops: Enabled (32-bit)
 Heap Region Size: 1M
 Heap Min Capacity: 8M
 Heap Initial Capacity: 128M
 Heap Max Capacity: 2044M
 Pre-touch: Disabled
 Parallel Workers: 6
 Concurrent Workers: 2
 Concurrent Refinement Workers: 6
 Periodic GC: Disabled
Heap:
 garbage-first heap   total 131072K, used 43299K [0x0000000080400000, 0x0000000100000000)
  region size 1024K, 40 young (40960K), 9 survivors (9216K)
 Metaspace       used 19315K, committed 19648K, reserved 1073152K
  class space    used 2801K, committed 2944K, reserved 1048576K
GC Heap History (6 events):
Event: 0.642 GC heap before
{Heap before GC invocations=0 (full 0):
 garbage-first heap   total 131072K, used 21504K [0x0000000080400000, 0x0000000100000000)
  region size 1024K, 21 young (21504K), 0 survivors (0K)
 Metaspace       used 2423K, committed 2560K, reserved 1056768K
  class space    used 238K, committed 320K, reserved 1048576K
}
Event: 0.645 GC heap after
{Heap after GC invocations=1 (full 0):
 garbage-first heap   total 131072K, used 1726K [0x0000000080400000, 0x0000000100000000)
  region size 1024K, 2 young (2048K), 2 survivors (2048K)
 Metaspace       used 2423K, committed 2560K, reserved 1056768K
  class space    used 238K, committed 320K, reserved 1048576K
}
Event: 1.323 GC heap before
{Heap before GC invocations=1 (full 0):
 garbage-first heap   total 131072K, used 31422K [0x0000000080400000, 0x0000000100000000)
  region size 1024K, 32 young (32768K), 2 survivors (2048K)
 Metaspace       used 10028K, committed 10240K, reserved 1064960K
  class space    used 1355K, committed 1472K, reserved 1048576K
}
Event: 1.334 GC heap after
{Heap after GC invocations=2 (full 0):
 garbage-first heap   total 131072K, used 6201K [0x0000000080400000, 0x0000000100000000)
  region size 1024K, 4 young (4096K), 4 survivors (4096K)
 Metaspace       used 10028K, committed 10240K, reserved 1064960K
  class space    used 1355K, committed 1472K, reserved 1048576K
}
Event: 9.570 GC heap before
{Heap before GC invocations=2 (full 0):
 garbage-first heap   total 131072K, used 76857K [0x0000000080400000, 0x0000000100000000)
  region size 1024K, 71 young (72704K), 4 survivors (4096K)
 Metaspace       used 18793K, committed 19008K, reserved 1073152K
  class space    used 2774K, committed 2880K, reserved 1048576K
}
Event: 9.581 GC heap after
{Heap after GC invocations=3 (full 0):
 garbage-first heap   total 131072K, used 12579K [0x0000000080400000, 0x0000000100000000)
  region size 1024K, 9 young (9216K), 9 survivors (9216K)
 Metaspace       used 18793K, committed 19008K, reserved 1073152K
  class space    used 2774K, committed 2880K, reserved 1048576K
}

